#
# There is insufficient memory for the Java Runtime Environment to continue.
# Native memory allocation (malloc) failed to allocate 713056 bytes for Chunk::new
# Possible reasons:
#   The system is out of physical RAM or swap space
#   The process is running with CompressedOops enabled, and the Java Heap may be blocking the growth of the native heap
# Possible solutions:
#   Reduce memory load on the system
#   Increase physical memory or swap space
#   Check if swap backing store is full
#   Decrease Java heap size (-Xmx/-Xms)
#   Decrease number of Java threads
#   Decrease Java thread stack sizes (-Xss)
#   Set larger code cache with -XX:ReservedCodeCacheSize=
#   JVM is running with Unscaled Compressed Oops mode in which the Java heap is
#     placed in the first 4GB address space. The Java Heap base address is the
#     maximum limit for the native heap growth. Please use -XX:HeapBaseMinAddress
#     to set the Java Heap base and to place the Java Heap above 4GB virtual address.
# This output file may be truncated or incomplete.
#
#  Out of Memory Error (./src/hotspot/share/memory/arena.cpp:197), pid=11664, tid=19048
#
# JRE version: OpenJDK Runtime Environment (11.0.10) (build 11.0.10+0-b96-7249189)
# Java VM: OpenJDK 64-Bit Server VM (11.0.10+0-b96-7249189, mixed mode, tiered, compressed oops, g1 gc, windows-amd64)
# No core dump will be written. Minidumps are not enabled by default on client versions of Windows
#

---------------  S U M M A R Y ------------

Command Line: org.jetbrains.kotlin.cli.jvm.K2JVMCompiler @C:\Users\Abhinay\Desktop\-Rubix-22-3-Team-7\app\build\20220120_12190770942225677579.compiler.options

Host: Intel(R) Core(TM) i5-1035G1 CPU @ 1.00GHz, 8 cores, 7G,  Windows 10 , 64 bit Build 19041 (10.0.19041.1466)
Time: Thu Jan 20 08:42:12 2022 India Standard Time elapsed time: 37.962768 seconds (0d 0h 0m 37s)

---------------  T H R E A D  ---------------

Current thread (0x000001651c365800):  JavaThread "C2 CompilerThread1" daemon [_thread_in_native, id=19048, stack(0x000000479b200000,0x000000479b300000)]


Current CompileTask:
C2:  37963 11039       4       org.jetbrains.kotlin.types.model.TypeSystemCommonSuperTypesContext$DefaultImpls::typeDepth (97 bytes)

Stack: [0x000000479b200000,0x000000479b300000]
Native frames: (J=compiled Java code, j=interpreted, Vv=VM code, C=native code)
V  [jvm.dll+0x5ecfaa]
V  [jvm.dll+0x722bd5]
V  [jvm.dll+0x72412d]
V  [jvm.dll+0x7247e3]
V  [jvm.dll+0x242928]
V  [jvm.dll+0xbc4fc]
V  [jvm.dll+0xbca0c]
V  [jvm.dll+0x2b4fd4]
V  [jvm.dll+0x506028]
V  [jvm.dll+0x1fccf6]
V  [jvm.dll+0x1fa77f]
V  [jvm.dll+0x18354c]
V  [jvm.dll+0x208ee7]
V  [jvm.dll+0x207731]
V  [jvm.dll+0x6eb1cf]
V  [jvm.dll+0x6e3d45]
V  [jvm.dll+0x5ebe96]
C  [ucrtbase.dll+0x21bb2]
C  [KERNEL32.DLL+0x17034]
C  [ntdll.dll+0x52651]


---------------  P R O C E S S  ---------------

Threads class SMR info:
_java_thread_list=0x000001651faf5aa0, length=11, elements={
0x000001657c2bc800, 0x000001657fcc7800, 0x000001657fccb000, 0x000001657fce3800,
0x000001657fce4000, 0x000001657fce8000, 0x000001657fcf2800, 0x000001657fcf6000,
0x000001657fcf7000, 0x0000016519200000, 0x000001651c365800
}

Java Threads: ( => current thread )
  0x000001657c2bc800 JavaThread "main" [_thread_in_vm, id=10324, stack(0x0000004799e00000,0x0000004799f00000)]
  0x000001657fcc7800 JavaThread "Reference Handler" daemon [_thread_blocked, id=4548, stack(0x000000479a500000,0x000000479a600000)]
  0x000001657fccb000 JavaThread "Finalizer" daemon [_thread_blocked, id=6520, stack(0x000000479a600000,0x000000479a700000)]
  0x000001657fce3800 JavaThread "Signal Dispatcher" daemon [_thread_blocked, id=13564, stack(0x000000479a700000,0x000000479a800000)]
  0x000001657fce4000 JavaThread "Attach Listener" daemon [_thread_blocked, id=20428, stack(0x000000479a800000,0x000000479a900000)]
  0x000001657fce8000 JavaThread "Service Thread" daemon [_thread_blocked, id=15076, stack(0x000000479a900000,0x000000479aa00000)]
  0x000001657fcf2800 JavaThread "C2 CompilerThread0" daemon [_thread_in_native, id=11728, stack(0x000000479aa00000,0x000000479ab00000)]
  0x000001657fcf6000 JavaThread "C1 CompilerThread0" daemon [_thread_blocked, id=12868, stack(0x000000479ab00000,0x000000479ac00000)]
  0x000001657fcf7000 JavaThread "Sweeper thread" daemon [_thread_blocked, id=21492, stack(0x000000479ac00000,0x000000479ad00000)]
  0x0000016519200000 JavaThread "Common-Cleaner" daemon [_thread_blocked, id=7088, stack(0x000000479ae00000,0x000000479af00000)]
=>0x000001651c365800 JavaThread "C2 CompilerThread1" daemon [_thread_in_native, id=19048, stack(0x000000479b200000,0x000000479b300000)]

Other Threads:
  0x000001657fcc5000 VMThread "VM Thread" [stack: 0x000000479a400000,0x000000479a500000] [id=816]
  0x00000165191fb800 WatcherThread [stack: 0x000000479ad00000,0x000000479ae00000] [id=3788]
  0x000001657c2d4000 GCTaskThread "GC Thread#0" [stack: 0x0000004799f00000,0x000000479a000000] [id=14100]
  0x0000016519918000 GCTaskThread "GC Thread#1" [stack: 0x000000479af00000,0x000000479b000000] [id=17032]
  0x0000016519959000 GCTaskThread "GC Thread#2" [stack: 0x000000479b000000,0x000000479b100000] [id=15908]
  0x000001651d71f000 GCTaskThread "GC Thread#3" [stack: 0x000000479b300000,0x000000479b400000] [id=20184]
  0x000001657c303000 ConcurrentGCThread "G1 Main Marker" [stack: 0x000000479a000000,0x000000479a100000] [id=4684]
  0x000001657c304800 ConcurrentGCThread "G1 Conc#0" [stack: 0x000000479a100000,0x000000479a200000] [id=15696]
  0x0000016519a19800 ConcurrentGCThread "G1 Conc#1" [stack: 0x000000479b100000,0x000000479b200000] [id=10376]
  0x000001657c398800 ConcurrentGCThread "G1 Refine#0" [stack: 0x000000479a200000,0x000000479a300000] [id=2344]
  0x000001651aebd000 ConcurrentGCThread "G1 Refine#1" [stack: 0x000000479b400000,0x000000479b500000] [id=3988]
  0x000001657fb10800 ConcurrentGCThread "G1 Young RemSet Sampling" [stack: 0x000000479a300000,0x000000479a400000] [id=21860]

Threads with active compile tasks:
C2 CompilerThread0  38014 11040       4       org.jetbrains.kotlin.resolve.calls.components.ClassicTypeSystemContextForCS::typeDepth (9 bytes)
C2 CompilerThread1  38014 11039       4       org.jetbrains.kotlin.types.model.TypeSystemCommonSuperTypesContext$DefaultImpls::typeDepth (97 bytes)

VM state:not at safepoint (normal execution)

VM Mutex/Monitor currently owned by a thread: None

Heap address: 0x0000000083a00000, size: 1990 MB, Compressed Oops mode: 32-bit
Narrow klass base: 0x0000000000000000, Narrow klass shift: 3
Compressed class space size: 1073741824 Address: 0x0000000100000000

Heap:
 garbage-first heap   total 187392K, used 77396K [0x0000000083a00000, 0x0000000100000000)
  region size 1024K, 20 young (20480K), 10 survivors (10240K)
 Metaspace       used 72617K, capacity 73525K, committed 73688K, reserved 1114112K
  class space    used 8048K, capacity 8416K, committed 8448K, reserved 1048576K
Heap Regions: E=young(eden), S=young(survivor), O=old, HS=humongous(starts), HC=humongous(continues), CS=collection set, F=free, A=archive, TAMS=top-at-mark-start (previous, next)
|   0|0x0000000083a00000, 0x0000000083b00000, 0x0000000083b00000|100%|HS|  |TAMS 0x0000000083b00000, 0x0000000083a00000| Complete 
|   1|0x0000000083b00000, 0x0000000083c00000, 0x0000000083c00000|100%|HC|  |TAMS 0x0000000083c00000, 0x0000000083b00000| Complete 
|   2|0x0000000083c00000, 0x0000000083d00000, 0x0000000083d00000|100%|HC|  |TAMS 0x0000000083d00000, 0x0000000083c00000| Complete 
|   3|0x0000000083d00000, 0x0000000083e00000, 0x0000000083e00000|100%|HS|  |TAMS 0x0000000083e00000, 0x0000000083d00000| Complete 
|   4|0x0000000083e00000, 0x0000000083f00000, 0x0000000083f00000|100%|HC|  |TAMS 0x0000000083f00000, 0x0000000083e00000| Complete 
|   5|0x0000000083f00000, 0x0000000084000000, 0x0000000084000000|100%|HC|  |TAMS 0x0000000084000000, 0x0000000083f00000| Complete 
|   6|0x0000000084000000, 0x0000000084100000, 0x0000000084100000|100%|HS|  |TAMS 0x0000000084100000, 0x0000000084000000| Complete 
|   7|0x0000000084100000, 0x0000000084200000, 0x0000000084200000|100%|HC|  |TAMS 0x0000000084200000, 0x0000000084100000| Complete 
|   8|0x0000000084200000, 0x0000000084300000, 0x0000000084300000|100%| O|  |TAMS 0x0000000084300000, 0x0000000084200000| Untracked 
|   9|0x0000000084300000, 0x0000000084400000, 0x0000000084400000|100%| O|  |TAMS 0x0000000084400000, 0x0000000084300000| Untracked 
|  10|0x0000000084400000, 0x0000000084500000, 0x0000000084500000|100%| O|  |TAMS 0x0000000084500000, 0x0000000084400000| Untracked 
|  11|0x0000000084500000, 0x0000000084600000, 0x0000000084600000|100%| O|  |TAMS 0x0000000084600000, 0x0000000084500000| Untracked 
|  12|0x0000000084600000, 0x0000000084700000, 0x0000000084700000|100%| O|  |TAMS 0x0000000084700000, 0x0000000084600000| Untracked 
|  13|0x0000000084700000, 0x0000000084800000, 0x0000000084800000|100%| O|  |TAMS 0x0000000084800000, 0x0000000084700000| Untracked 
|  14|0x0000000084800000, 0x0000000084900000, 0x0000000084900000|100%| O|  |TAMS 0x0000000084900000, 0x0000000084800000| Untracked 
|  15|0x0000000084900000, 0x0000000084a00000, 0x0000000084a00000|100%| O|  |TAMS 0x0000000084a00000, 0x0000000084900000| Untracked 
|  16|0x0000000084a00000, 0x0000000084b00000, 0x0000000084b00000|100%| O|  |TAMS 0x0000000084b00000, 0x0000000084a00000| Untracked 
|  17|0x0000000084b00000, 0x0000000084c00000, 0x0000000084c00000|100%| O|  |TAMS 0x0000000084c00000, 0x0000000084b00000| Untracked 
|  18|0x0000000084c00000, 0x0000000084d00000, 0x0000000084d00000|100%| O|  |TAMS 0x0000000084d00000, 0x0000000084c00000| Untracked 
|  19|0x0000000084d00000, 0x0000000084e00000, 0x0000000084e00000|100%| O|  |TAMS 0x0000000084e00000, 0x0000000084d00000| Untracked 
|  20|0x0000000084e00000, 0x0000000084f00000, 0x0000000084f00000|100%| O|  |TAMS 0x0000000084f00000, 0x0000000084e00000| Untracked 
|  21|0x0000000084f00000, 0x0000000085000000, 0x0000000085000000|100%| O|  |TAMS 0x0000000085000000, 0x0000000084f00000| Untracked 
|  22|0x0000000085000000, 0x0000000085100000, 0x0000000085100000|100%| O|  |TAMS 0x0000000085100000, 0x0000000085000000| Untracked 
|  23|0x0000000085100000, 0x0000000085200000, 0x0000000085200000|100%| O|  |TAMS 0x0000000085200000, 0x0000000085100000| Untracked 
|  24|0x0000000085200000, 0x0000000085300000, 0x0000000085300000|100%| O|  |TAMS 0x0000000085300000, 0x0000000085200000| Untracked 
|  25|0x0000000085300000, 0x0000000085400000, 0x0000000085400000|100%| O|  |TAMS 0x0000000085400000, 0x0000000085300000| Untracked 
|  26|0x0000000085400000, 0x0000000085500000, 0x0000000085500000|100%| O|  |TAMS 0x0000000085500000, 0x0000000085400000| Untracked 
|  27|0x0000000085500000, 0x0000000085600000, 0x0000000085600000|100%| O|  |TAMS 0x0000000085600000, 0x0000000085500000| Untracked 
|  28|0x0000000085600000, 0x0000000085700000, 0x0000000085700000|100%| O|  |TAMS 0x0000000085700000, 0x0000000085600000| Untracked 
|  29|0x0000000085700000, 0x0000000085800000, 0x0000000085800000|100%| O|  |TAMS 0x0000000085800000, 0x0000000085700000| Untracked 
|  30|0x0000000085800000, 0x0000000085900000, 0x0000000085900000|100%| O|  |TAMS 0x0000000085900000, 0x0000000085800000| Untracked 
|  31|0x0000000085900000, 0x0000000085a00000, 0x0000000085a00000|100%| O|  |TAMS 0x0000000085a00000, 0x0000000085900000| Untracked 
|  32|0x0000000085a00000, 0x0000000085b00000, 0x0000000085b00000|100%| O|  |TAMS 0x0000000085b00000, 0x0000000085a00000| Untracked 
|  33|0x0000000085b00000, 0x0000000085c00000, 0x0000000085c00000|100%| O|  |TAMS 0x0000000085c00000, 0x0000000085b00000| Untracked 
|  34|0x0000000085c00000, 0x0000000085d00000, 0x0000000085d00000|100%| O|  |TAMS 0x0000000085d00000, 0x0000000085c00000| Untracked 
|  35|0x0000000085d00000, 0x0000000085e00000, 0x0000000085e00000|100%| O|  |TAMS 0x0000000085e00000, 0x0000000085d00000| Untracked 
|  36|0x0000000085e00000, 0x0000000085f00000, 0x0000000085f00000|100%| O|  |TAMS 0x0000000085f00000, 0x0000000085e00000| Untracked 
|  37|0x0000000085f00000, 0x0000000086000000, 0x0000000086000000|100%| O|  |TAMS 0x0000000086000000, 0x0000000085f00000| Untracked 
|  38|0x0000000086000000, 0x0000000086100000, 0x0000000086100000|100%| O|  |TAMS 0x0000000086100000, 0x0000000086000000| Untracked 
|  39|0x0000000086100000, 0x0000000086200000, 0x0000000086200000|100%| O|  |TAMS 0x0000000086200000, 0x0000000086100000| Untracked 
|  40|0x0000000086200000, 0x0000000086300000, 0x0000000086300000|100%| O|  |TAMS 0x0000000086300000, 0x0000000086200000| Untracked 
|  41|0x0000000086300000, 0x0000000086400000, 0x0000000086400000|100%| O|  |TAMS 0x0000000086400000, 0x0000000086300000| Untracked 
|  42|0x0000000086400000, 0x0000000086500000, 0x0000000086500000|100%| O|  |TAMS 0x0000000086500000, 0x0000000086400000| Untracked 
|  43|0x0000000086500000, 0x0000000086600000, 0x0000000086600000|100%| O|  |TAMS 0x0000000086600000, 0x0000000086500000| Untracked 
|  44|0x0000000086600000, 0x0000000086700000, 0x0000000086700000|100%| O|  |TAMS 0x0000000086700000, 0x0000000086600000| Untracked 
|  45|0x0000000086700000, 0x0000000086800000, 0x0000000086800000|100%| O|  |TAMS 0x0000000086800000, 0x0000000086700000| Untracked 
|  46|0x0000000086800000, 0x0000000086900000, 0x0000000086900000|100%| O|  |TAMS 0x0000000086900000, 0x0000000086800000| Untracked 
|  47|0x0000000086900000, 0x0000000086a00000, 0x0000000086a00000|100%| O|  |TAMS 0x0000000086a00000, 0x0000000086900000| Untracked 
|  48|0x0000000086a00000, 0x0000000086b00000, 0x0000000086b00000|100%| O|  |TAMS 0x0000000086b00000, 0x0000000086a00000| Untracked 
|  49|0x0000000086b00000, 0x0000000086c00000, 0x0000000086c00000|100%| O|  |TAMS 0x0000000086c00000, 0x0000000086b00000| Untracked 
|  50|0x0000000086c00000, 0x0000000086d00000, 0x0000000086d00000|100%| O|  |TAMS 0x0000000086d00000, 0x0000000086c00000| Untracked 
|  51|0x0000000086d00000, 0x0000000086e00000, 0x0000000086e00000|100%| O|  |TAMS 0x0000000086e00000, 0x0000000086d00000| Untracked 
|  52|0x0000000086e00000, 0x0000000086f00000, 0x0000000086f00000|100%| O|  |TAMS 0x0000000086e00000, 0x0000000086e00000| Untracked 
|  53|0x0000000086f00000, 0x0000000087000000, 0x0000000087000000|100%| O|  |TAMS 0x0000000086f00000, 0x0000000086f00000| Untracked 
|  54|0x0000000087000000, 0x0000000087100000, 0x0000000087100000|100%| O|  |TAMS 0x0000000087000000, 0x0000000087000000| Untracked 
|  55|0x0000000087100000, 0x0000000087200000, 0x0000000087200000|100%| O|  |TAMS 0x0000000087100000, 0x0000000087100000| Untracked 
|  56|0x0000000087200000, 0x0000000087295000, 0x0000000087300000| 58%| O|  |TAMS 0x0000000087200000, 0x0000000087200000| Untracked 
|  57|0x0000000087300000, 0x0000000087300000, 0x0000000087400000|  0%| F|  |TAMS 0x0000000087300000, 0x0000000087300000| Untracked 
|  58|0x0000000087400000, 0x0000000087400000, 0x0000000087500000|  0%| F|  |TAMS 0x0000000087400000, 0x0000000087400000| Untracked 
|  59|0x0000000087500000, 0x0000000087500000, 0x0000000087600000|  0%| F|  |TAMS 0x0000000087500000, 0x0000000087500000| Untracked 
|  60|0x0000000087600000, 0x0000000087600000, 0x0000000087700000|  0%| F|  |TAMS 0x0000000087600000, 0x0000000087600000| Untracked 
|  61|0x0000000087700000, 0x0000000087700000, 0x0000000087800000|  0%| F|  |TAMS 0x0000000087700000, 0x0000000087700000| Untracked 
|  62|0x0000000087800000, 0x0000000087800000, 0x0000000087900000|  0%| F|  |TAMS 0x0000000087800000, 0x0000000087800000| Untracked 
|  63|0x0000000087900000, 0x0000000087900000, 0x0000000087a00000|  0%| F|  |TAMS 0x0000000087900000, 0x0000000087900000| Untracked 
|  64|0x0000000087a00000, 0x0000000087a00000, 0x0000000087b00000|  0%| F|  |TAMS 0x0000000087a00000, 0x0000000087a00000| Untracked 
|  65|0x0000000087b00000, 0x0000000087b00000, 0x0000000087c00000|  0%| F|  |TAMS 0x0000000087b00000, 0x0000000087b00000| Untracked 
|  66|0x0000000087c00000, 0x0000000087c00000, 0x0000000087d00000|  0%| F|  |TAMS 0x0000000087c00000, 0x0000000087c00000| Untracked 
|  67|0x0000000087d00000, 0x0000000087d00000, 0x0000000087e00000|  0%| F|  |TAMS 0x0000000087d00000, 0x0000000087d00000| Untracked 
|  68|0x0000000087e00000, 0x0000000087e00000, 0x0000000087f00000|  0%| F|  |TAMS 0x0000000087e00000, 0x0000000087e00000| Untracked 
|  69|0x0000000087f00000, 0x0000000087f00000, 0x0000000088000000|  0%| F|  |TAMS 0x0000000087f00000, 0x0000000087f00000| Untracked 
|  70|0x0000000088000000, 0x0000000088000000, 0x0000000088100000|  0%| F|  |TAMS 0x0000000088000000, 0x0000000088000000| Untracked 
|  71|0x0000000088100000, 0x0000000088100000, 0x0000000088200000|  0%| F|  |TAMS 0x0000000088100000, 0x0000000088100000| Untracked 
|  72|0x0000000088200000, 0x0000000088200000, 0x0000000088300000|  0%| F|  |TAMS 0x0000000088200000, 0x0000000088200000| Untracked 
|  73|0x0000000088300000, 0x0000000088300000, 0x0000000088400000|  0%| F|  |TAMS 0x0000000088300000, 0x0000000088300000| Untracked 
|  74|0x0000000088400000, 0x0000000088400000, 0x0000000088500000|  0%| F|  |TAMS 0x0000000088400000, 0x0000000088400000| Untracked 
|  75|0x0000000088500000, 0x0000000088500000, 0x0000000088600000|  0%| F|  |TAMS 0x0000000088500000, 0x0000000088500000| Untracked 
|  76|0x0000000088600000, 0x0000000088600000, 0x0000000088700000|  0%| F|  |TAMS 0x0000000088600000, 0x0000000088600000| Untracked 
|  77|0x0000000088700000, 0x0000000088700000, 0x0000000088800000|  0%| F|  |TAMS 0x0000000088700000, 0x0000000088700000| Untracked 
|  78|0x0000000088800000, 0x0000000088800000, 0x0000000088900000|  0%| F|  |TAMS 0x0000000088800000, 0x0000000088800000| Untracked 
|  79|0x0000000088900000, 0x0000000088900000, 0x0000000088a00000|  0%| F|  |TAMS 0x0000000088900000, 0x0000000088900000| Untracked 
|  80|0x0000000088a00000, 0x0000000088a00000, 0x0000000088b00000|  0%| F|  |TAMS 0x0000000088a00000, 0x0000000088a00000| Untracked 
|  81|0x0000000088b00000, 0x0000000088b00000, 0x0000000088c00000|  0%| F|  |TAMS 0x0000000088b00000, 0x0000000088b00000| Untracked 
|  82|0x0000000088c00000, 0x0000000088c00000, 0x0000000088d00000|  0%| F|  |TAMS 0x0000000088c00000, 0x0000000088c00000| Untracked 
|  83|0x0000000088d00000, 0x0000000088d00000, 0x0000000088e00000|  0%| F|  |TAMS 0x0000000088d00000, 0x0000000088d00000| Untracked 
|  84|0x0000000088e00000, 0x0000000088e00000, 0x0000000088f00000|  0%| F|  |TAMS 0x0000000088e00000, 0x0000000088e00000| Untracked 
|  85|0x0000000088f00000, 0x0000000088f00000, 0x0000000089000000|  0%| F|  |TAMS 0x0000000088f00000, 0x0000000088f00000| Untracked 
|  86|0x0000000089000000, 0x0000000089000000, 0x0000000089100000|  0%| F|  |TAMS 0x0000000089000000, 0x0000000089000000| Untracked 
|  87|0x0000000089100000, 0x0000000089100000, 0x0000000089200000|  0%| F|  |TAMS 0x0000000089100000, 0x0000000089100000| Untracked 
|  88|0x0000000089200000, 0x0000000089200000, 0x0000000089300000|  0%| F|  |TAMS 0x0000000089200000, 0x0000000089200000| Untracked 
|  89|0x0000000089300000, 0x0000000089300000, 0x0000000089400000|  0%| F|  |TAMS 0x0000000089300000, 0x0000000089300000| Untracked 
|  90|0x0000000089400000, 0x0000000089400000, 0x0000000089500000|  0%| F|  |TAMS 0x0000000089400000, 0x0000000089400000| Untracked 
|  91|0x0000000089500000, 0x0000000089500000, 0x0000000089600000|  0%| F|  |TAMS 0x0000000089500000, 0x0000000089500000| Untracked 
|  92|0x0000000089600000, 0x0000000089600000, 0x0000000089700000|  0%| F|  |TAMS 0x0000000089600000, 0x0000000089600000| Untracked 
|  93|0x0000000089700000, 0x0000000089700000, 0x0000000089800000|  0%| F|  |TAMS 0x0000000089700000, 0x0000000089700000| Untracked 
|  94|0x0000000089800000, 0x0000000089800000, 0x0000000089900000|  0%| F|  |TAMS 0x0000000089800000, 0x0000000089800000| Untracked 
|  95|0x0000000089900000, 0x0000000089900000, 0x0000000089a00000|  0%| F|  |TAMS 0x0000000089900000, 0x0000000089900000| Untracked 
|  96|0x0000000089a00000, 0x0000000089a00000, 0x0000000089b00000|  0%| F|  |TAMS 0x0000000089a00000, 0x0000000089a00000| Untracked 
|  97|0x0000000089b00000, 0x0000000089b00000, 0x0000000089c00000|  0%| F|  |TAMS 0x0000000089b00000, 0x0000000089b00000| Untracked 
|  98|0x0000000089c00000, 0x0000000089c00000, 0x0000000089d00000|  0%| F|  |TAMS 0x0000000089c00000, 0x0000000089c00000| Untracked 
|  99|0x0000000089d00000, 0x0000000089d00000, 0x0000000089e00000|  0%| F|  |TAMS 0x0000000089d00000, 0x0000000089d00000| Untracked 
| 100|0x0000000089e00000, 0x0000000089e00000, 0x0000000089f00000|  0%| F|  |TAMS 0x0000000089e00000, 0x0000000089e00000| Untracked 
| 101|0x0000000089f00000, 0x0000000089f00000, 0x000000008a000000|  0%| F|  |TAMS 0x0000000089f00000, 0x0000000089f00000| Untracked 
| 102|0x000000008a000000, 0x000000008a000000, 0x000000008a100000|  0%| F|  |TAMS 0x000000008a000000, 0x000000008a000000| Untracked 
| 103|0x000000008a100000, 0x000000008a100000, 0x000000008a200000|  0%| F|  |TAMS 0x000000008a100000, 0x000000008a100000| Untracked 
| 104|0x000000008a200000, 0x000000008a200000, 0x000000008a300000|  0%| F|  |TAMS 0x000000008a200000, 0x000000008a200000| Untracked 
| 105|0x000000008a300000, 0x000000008a300000, 0x000000008a400000|  0%| F|  |TAMS 0x000000008a300000, 0x000000008a300000| Untracked 
| 106|0x000000008a400000, 0x000000008a400000, 0x000000008a500000|  0%| F|  |TAMS 0x000000008a400000, 0x000000008a400000| Untracked 
| 107|0x000000008a500000, 0x000000008a500000, 0x000000008a600000|  0%| F|  |TAMS 0x000000008a500000, 0x000000008a500000| Untracked 
| 108|0x000000008a600000, 0x000000008a700000, 0x000000008a700000|100%| S|CS|TAMS 0x000000008a600000, 0x000000008a600000| Complete 
| 109|0x000000008a700000, 0x000000008a800000, 0x000000008a800000|100%| S|CS|TAMS 0x000000008a700000, 0x000000008a700000| Complete 
| 110|0x000000008a800000, 0x000000008a900000, 0x000000008a900000|100%| S|CS|TAMS 0x000000008a800000, 0x000000008a800000| Complete 
| 111|0x000000008a900000, 0x000000008aa00000, 0x000000008aa00000|100%| S|CS|TAMS 0x000000008a900000, 0x000000008a900000| Complete 
| 112|0x000000008aa00000, 0x000000008ab00000, 0x000000008ab00000|100%| S|CS|TAMS 0x000000008aa00000, 0x000000008aa00000| Complete 
| 113|0x000000008ab00000, 0x000000008ac00000, 0x000000008ac00000|100%| S|CS|TAMS 0x000000008ab00000, 0x000000008ab00000| Complete 
| 114|0x000000008ac00000, 0x000000008ad00000, 0x000000008ad00000|100%| S|CS|TAMS 0x000000008ac00000, 0x000000008ac00000| Complete 
| 115|0x000000008ad00000, 0x000000008ae00000, 0x000000008ae00000|100%| S|CS|TAMS 0x000000008ad00000, 0x000000008ad00000| Complete 
| 116|0x000000008ae00000, 0x000000008af00000, 0x000000008af00000|100%| S|CS|TAMS 0x000000008ae00000, 0x000000008ae00000| Complete 
| 117|0x000000008af00000, 0x000000008b000000, 0x000000008b000000|100%| S|CS|TAMS 0x000000008af00000, 0x000000008af00000| Complete 
| 118|0x000000008b000000, 0x000000008b000000, 0x000000008b100000|  0%| F|  |TAMS 0x000000008b000000, 0x000000008b000000| Untracked 
| 119|0x000000008b100000, 0x000000008b100000, 0x000000008b200000|  0%| F|  |TAMS 0x000000008b100000, 0x000000008b100000| Untracked 
| 120|0x000000008b200000, 0x000000008b200000, 0x000000008b300000|  0%| F|  |TAMS 0x000000008b200000, 0x000000008b200000| Untracked 
| 121|0x000000008b300000, 0x000000008b300000, 0x000000008b400000|  0%| F|  |TAMS 0x000000008b300000, 0x000000008b300000| Untracked 
| 122|0x000000008b400000, 0x000000008b400000, 0x000000008b500000|  0%| F|  |TAMS 0x000000008b400000, 0x000000008b400000| Untracked 
| 123|0x000000008b500000, 0x000000008b500000, 0x000000008b600000|  0%| F|  |TAMS 0x000000008b500000, 0x000000008b500000| Untracked 
| 124|0x000000008b600000, 0x000000008b600000, 0x000000008b700000|  0%| F|  |TAMS 0x000000008b600000, 0x000000008b600000| Untracked 
| 125|0x000000008b700000, 0x000000008b700000, 0x000000008b800000|  0%| F|  |TAMS 0x000000008b700000, 0x000000008b700000| Untracked 
| 126|0x000000008b800000, 0x000000008b800000, 0x000000008b900000|  0%| F|  |TAMS 0x000000008b800000, 0x000000008b800000| Untracked 
| 127|0x000000008b900000, 0x000000008b900000, 0x000000008ba00000|  0%| F|  |TAMS 0x000000008b900000, 0x000000008b900000| Untracked 
| 128|0x000000008ba00000, 0x000000008ba00000, 0x000000008bb00000|  0%| F|  |TAMS 0x000000008ba00000, 0x000000008ba00000| Untracked 
| 129|0x000000008bb00000, 0x000000008bb00000, 0x000000008bc00000|  0%| F|  |TAMS 0x000000008bb00000, 0x000000008bb00000| Untracked 
| 130|0x000000008bc00000, 0x000000008bc00000, 0x000000008bd00000|  0%| F|  |TAMS 0x000000008bc00000, 0x000000008bc00000| Untracked 
| 131|0x000000008bd00000, 0x000000008bd00000, 0x000000008be00000|  0%| F|  |TAMS 0x000000008bd00000, 0x000000008bd00000| Untracked 
| 132|0x000000008be00000, 0x000000008be00000, 0x000000008bf00000|  0%| F|  |TAMS 0x000000008be00000, 0x000000008be00000| Untracked 
| 133|0x000000008bf00000, 0x000000008bf00000, 0x000000008c000000|  0%| F|  |TAMS 0x000000008bf00000, 0x000000008bf00000| Untracked 
| 134|0x000000008c000000, 0x000000008c000000, 0x000000008c100000|  0%| F|  |TAMS 0x000000008c000000, 0x000000008c000000| Untracked 
| 135|0x000000008c100000, 0x000000008c100000, 0x000000008c200000|  0%| F|  |TAMS 0x000000008c100000, 0x000000008c100000| Untracked 
| 136|0x000000008c200000, 0x000000008c200000, 0x000000008c300000|  0%| F|  |TAMS 0x000000008c200000, 0x000000008c200000| Untracked 
| 137|0x000000008c300000, 0x000000008c300000, 0x000000008c400000|  0%| F|  |TAMS 0x000000008c300000, 0x000000008c300000| Untracked 
| 138|0x000000008c400000, 0x000000008c400000, 0x000000008c500000|  0%| F|  |TAMS 0x000000008c400000, 0x000000008c400000| Untracked 
| 139|0x000000008c500000, 0x000000008c500000, 0x000000008c600000|  0%| F|  |TAMS 0x000000008c500000, 0x000000008c500000| Untracked 
| 140|0x000000008c600000, 0x000000008c600000, 0x000000008c700000|  0%| F|  |TAMS 0x000000008c600000, 0x000000008c600000| Untracked 
| 141|0x000000008c700000, 0x000000008c700000, 0x000000008c800000|  0%| F|  |TAMS 0x000000008c700000, 0x000000008c700000| Untracked 
| 142|0x000000008c800000, 0x000000008c800000, 0x000000008c900000|  0%| F|  |TAMS 0x000000008c800000, 0x000000008c800000| Untracked 
| 143|0x000000008c900000, 0x000000008c900000, 0x000000008ca00000|  0%| F|  |TAMS 0x000000008c900000, 0x000000008c900000| Untracked 
| 144|0x000000008ca00000, 0x000000008ca00000, 0x000000008cb00000|  0%| F|  |TAMS 0x000000008ca00000, 0x000000008ca00000| Untracked 
| 145|0x000000008cb00000, 0x000000008cb00000, 0x000000008cc00000|  0%| F|  |TAMS 0x000000008cb00000, 0x000000008cb00000| Untracked 
| 146|0x000000008cc00000, 0x000000008cc00000, 0x000000008cd00000|  0%| F|  |TAMS 0x000000008cc00000, 0x000000008cc00000| Untracked 
| 147|0x000000008cd00000, 0x000000008cd00000, 0x000000008ce00000|  0%| F|  |TAMS 0x000000008cd00000, 0x000000008cd00000| Untracked 
| 148|0x000000008ce00000, 0x000000008ce00000, 0x000000008cf00000|  0%| F|  |TAMS 0x000000008ce00000, 0x000000008ce00000| Untracked 
| 149|0x000000008cf00000, 0x000000008cf00000, 0x000000008d000000|  0%| F|  |TAMS 0x000000008cf00000, 0x000000008cf00000| Untracked 
| 150|0x000000008d000000, 0x000000008d000000, 0x000000008d100000|  0%| F|  |TAMS 0x000000008d000000, 0x000000008d000000| Untracked 
| 151|0x000000008d100000, 0x000000008d100000, 0x000000008d200000|  0%| F|  |TAMS 0x000000008d100000, 0x000000008d100000| Untracked 
| 152|0x000000008d200000, 0x000000008d200000, 0x000000008d300000|  0%| F|  |TAMS 0x000000008d200000, 0x000000008d200000| Untracked 
| 153|0x000000008d300000, 0x000000008d300000, 0x000000008d400000|  0%| F|  |TAMS 0x000000008d300000, 0x000000008d300000| Untracked 
| 154|0x000000008d400000, 0x000000008d400000, 0x000000008d500000|  0%| F|  |TAMS 0x000000008d400000, 0x000000008d400000| Untracked 
| 155|0x000000008d500000, 0x000000008d500000, 0x000000008d600000|  0%| F|  |TAMS 0x000000008d500000, 0x000000008d500000| Untracked 
| 156|0x000000008d600000, 0x000000008d600000, 0x000000008d700000|  0%| F|  |TAMS 0x000000008d600000, 0x000000008d600000| Untracked 
| 157|0x000000008d700000, 0x000000008d700000, 0x000000008d800000|  0%| F|  |TAMS 0x000000008d700000, 0x000000008d700000| Untracked 
| 158|0x000000008d800000, 0x000000008d800000, 0x000000008d900000|  0%| F|  |TAMS 0x000000008d800000, 0x000000008d800000| Untracked 
| 159|0x000000008d900000, 0x000000008d900000, 0x000000008da00000|  0%| F|  |TAMS 0x000000008d900000, 0x000000008d900000| Untracked 
| 160|0x000000008da00000, 0x000000008da00000, 0x000000008db00000|  0%| F|  |TAMS 0x000000008da00000, 0x000000008da00000| Untracked 
| 161|0x000000008db00000, 0x000000008db00000, 0x000000008dc00000|  0%| F|  |TAMS 0x000000008db00000, 0x000000008db00000| Untracked 
| 162|0x000000008dc00000, 0x000000008dc00000, 0x000000008dd00000|  0%| F|  |TAMS 0x000000008dc00000, 0x000000008dc00000| Untracked 
| 163|0x000000008dd00000, 0x000000008dd00000, 0x000000008de00000|  0%| F|  |TAMS 0x000000008dd00000, 0x000000008dd00000| Untracked 
| 164|0x000000008de00000, 0x000000008de00000, 0x000000008df00000|  0%| F|  |TAMS 0x000000008de00000, 0x000000008de00000| Untracked 
| 165|0x000000008df00000, 0x000000008df00000, 0x000000008e000000|  0%| F|  |TAMS 0x000000008df00000, 0x000000008df00000| Untracked 
| 166|0x000000008e000000, 0x000000008e000000, 0x000000008e100000|  0%| F|  |TAMS 0x000000008e000000, 0x000000008e000000| Untracked 
| 167|0x000000008e100000, 0x000000008e100000, 0x000000008e200000|  0%| F|  |TAMS 0x000000008e100000, 0x000000008e100000| Untracked 
| 168|0x000000008e200000, 0x000000008e200000, 0x000000008e300000|  0%| F|  |TAMS 0x000000008e200000, 0x000000008e200000| Untracked 
| 169|0x000000008e300000, 0x000000008e300000, 0x000000008e400000|  0%| F|  |TAMS 0x000000008e300000, 0x000000008e300000| Untracked 
| 170|0x000000008e400000, 0x000000008e400000, 0x000000008e500000|  0%| F|  |TAMS 0x000000008e400000, 0x000000008e400000| Untracked 
| 171|0x000000008e500000, 0x000000008e500000, 0x000000008e600000|  0%| F|  |TAMS 0x000000008e500000, 0x000000008e500000| Untracked 
| 172|0x000000008e600000, 0x000000008e600000, 0x000000008e700000|  0%| F|  |TAMS 0x000000008e600000, 0x000000008e600000| Untracked 
| 173|0x000000008e700000, 0x000000008e7842b0, 0x000000008e800000| 51%| E|  |TAMS 0x000000008e700000, 0x000000008e700000| Complete 
| 174|0x000000008e800000, 0x000000008e900000, 0x000000008e900000|100%| E|CS|TAMS 0x000000008e800000, 0x000000008e800000| Complete 
| 175|0x000000008e900000, 0x000000008ea00000, 0x000000008ea00000|100%| E|CS|TAMS 0x000000008e900000, 0x000000008e900000| Complete 
| 176|0x000000008ea00000, 0x000000008eb00000, 0x000000008eb00000|100%| E|CS|TAMS 0x000000008ea00000, 0x000000008ea00000| Complete 
| 177|0x000000008eb00000, 0x000000008ec00000, 0x000000008ec00000|100%| E|CS|TAMS 0x000000008eb00000, 0x000000008eb00000| Complete 
| 178|0x000000008ec00000, 0x000000008ed00000, 0x000000008ed00000|100%| E|CS|TAMS 0x000000008ec00000, 0x000000008ec00000| Complete 
| 179|0x000000008ed00000, 0x000000008ee00000, 0x000000008ee00000|100%| E|CS|TAMS 0x000000008ed00000, 0x000000008ed00000| Complete 
| 180|0x000000008ee00000, 0x000000008ef00000, 0x000000008ef00000|100%| E|CS|TAMS 0x000000008ee00000, 0x000000008ee00000| Complete 
| 181|0x000000008ef00000, 0x000000008f000000, 0x000000008f000000|100%| E|CS|TAMS 0x000000008ef00000, 0x000000008ef00000| Complete 
| 182|0x000000008f000000, 0x000000008f100000, 0x000000008f100000|100%| E|CS|TAMS 0x000000008f000000, 0x000000008f000000| Complete 

Card table byte_map: [0x000001657ea00000,0x000001657edf0000] _byte_map_base: 0x000001657e5e3000

Marking Bits (Prev, Next): (CMBitMap*) 0x000001657c2fa728, (CMBitMap*) 0x000001657c2fa760
 Prev Bits: [0x0000016512a10000, 0x0000016514928000)
 Next Bits: [0x0000016514930000, 0x0000016516848000)

Polling page: 0x000001657c180000

Metaspace:

Usage:
  Non-class:     63.58 MB capacity,    63.07 MB (>99%) used,   408.23 KB ( <1%) free+waste,   119.50 KB ( <1%) overhead. 
      Class:      8.22 MB capacity,     7.86 MB ( 96%) used,   313.67 KB (  4%) free+waste,    51.56 KB ( <1%) overhead. 
       Both:     71.80 MB capacity,    70.93 MB ( 99%) used,   721.90 KB ( <1%) free+waste,   171.06 KB ( <1%) overhead. 

Virtual space:
  Non-class space:       64.00 MB reserved,      63.71 MB (>99%) committed 
      Class space:        1.00 GB reserved,       8.25 MB ( <1%) committed 
             Both:        1.06 GB reserved,      71.96 MB (  7%) committed 

Chunk freelists:
   Non-Class:  3.00 KB
       Class:  0 bytes
        Both:  3.00 KB

MaxMetaspaceSize: 17179869184.00 GB
CompressedClassSpaceSize: 1.00 GB

CodeHeap 'non-profiled nmethods': size=120000Kb used=6677Kb max_used=6677Kb free=113322Kb
 bounds [0x000001650b4e0000, 0x000001650bb70000, 0x0000016512a10000]
CodeHeap 'profiled nmethods': size=120000Kb used=33638Kb max_used=33638Kb free=86361Kb
 bounds [0x0000016503fb0000, 0x0000016506090000, 0x000001650b4e0000]
CodeHeap 'non-nmethods': size=5760Kb used=1279Kb max_used=1337Kb free=4480Kb
 bounds [0x0000016503a10000, 0x0000016503c80000, 0x0000016503fb0000]
 total_blobs=11641 nmethods=10999 adapters=551
 compilation: enabled
              stopped_count=0, restarted_count=0
 full_count=0

Compilation events (20 events):
Event: 37.833 Thread 0x000001657fcf6000 nmethod 11053 0x0000016504798190 code [0x0000016504798360, 0x0000016504798578]
Event: 37.833 Thread 0x000001657fcf6000 11054       3       org.jetbrains.kotlin.ir.symbols.impl.IrBindablePublicSymbolBase::getOwner (46 bytes)
Event: 37.836 Thread 0x000001657fcf6000 nmethod 11054 0x000001650607bd10 code [0x000001650607c060, 0x000001650607d268]
Event: 37.836 Thread 0x000001657fcf6000 11055   !   3       org.jetbrains.kotlin.ir.util.SymbolTable::declareClass (209 bytes)
Event: 37.840 Thread 0x000001657fcf6000 nmethod 11055 0x000001650607d890 code [0x000001650607dc00, 0x000001650607f358]
Event: 37.840 Thread 0x000001657fcf6000 11056       3       org.jetbrains.kotlin.backend.common.serialization.KotlinIrLinker::resolveModuleDeserializer (67 bytes)
Event: 37.843 Thread 0x000001657fcf6000 nmethod 11056 0x000001650607fc10 code [0x000001650607fec0, 0x00000165060809c8]
Event: 37.847 Thread 0x000001657fcf6000 11057       3       kotlin.jvm.internal.MutablePropertyReference1Impl::<init> (31 bytes)
Event: 37.848 Thread 0x000001657fcf6000 nmethod 11057 0x0000016506080e10 code [0x0000016506081020, 0x0000016506081658]
Event: 37.848 Thread 0x000001657fcf6000 11058       3       kotlin.jvm.internal.MutablePropertyReference1::<init> (12 bytes)
Event: 37.849 Thread 0x000001657fcf6000 nmethod 11058 0x0000016504797c90 code [0x0000016504797e60, 0x00000165047980a8]
Event: 37.889 Thread 0x000001657fcf6000 11059       1       org.jetbrains.kotlin.ir.declarations.lazy.IrLazyConstructor::getStubGenerator (5 bytes)
Event: 37.889 Thread 0x000001657fcf6000 nmethod 11059 0x000001650bb64910 code [0x000001650bb64ac0, 0x000001650bb64b78]
Event: 37.953 Thread 0x000001657fcf6000 11060       1       org.jetbrains.kotlin.ir.declarations.lazy.IrLazyField::getStubGenerator (5 bytes)
Event: 37.953 Thread 0x000001657fcf6000 nmethod 11060 0x000001650bb64c10 code [0x000001650bb64dc0, 0x000001650bb64e78]
Event: 37.953 Thread 0x000001657fcf6000 11061       3       org.jetbrains.kotlin.ir.util.IdSignature$CompositeSignature::equals (47 bytes)
Event: 37.954 Thread 0x000001657fcf6000 nmethod 11061 0x0000016506081810 code [0x0000016506081a20, 0x0000016506082278]
Event: 37.954 Thread 0x000001657fcf6000 11062       3       org.jetbrains.kotlin.ir.util.IdSignature$LocalSignature::equals (47 bytes)
Event: 37.955 Thread 0x000001657fcf6000 nmethod 11062 0x0000016506082410 code [0x0000016506082620, 0x0000016506082f48]
Event: 37.955 Thread 0x000001657fcf6000 11063       3       org.jetbrains.kotlin.ir.util.SymbolTable$FieldSymbolTable::signature (9 bytes)

GC Heap History (20 events):
Event: 2.686 GC heap before
{Heap before GC invocations=1 (full 0):
 garbage-first heap   total 129024K, used 40586K [0x0000000083a00000, 0x0000000100000000)
  region size 1024K, 38 young (38912K), 3 survivors (3072K)
 Metaspace       used 20870K, capacity 21075K, committed 21248K, reserved 1069056K
  class space    used 2207K, capacity 2287K, committed 2304K, reserved 1048576K
}
Event: 2.705 GC heap after
{Heap after GC invocations=2 (full 0):
 garbage-first heap   total 129024K, used 9232K [0x0000000083a00000, 0x0000000100000000)
  region size 1024K, 7 young (7168K), 7 survivors (7168K)
 Metaspace       used 20870K, capacity 21075K, committed 21248K, reserved 1069056K
  class space    used 2207K, capacity 2287K, committed 2304K, reserved 1048576K
}
Event: 5.471 GC heap before
{Heap before GC invocations=3 (full 0):
 garbage-first heap   total 129024K, used 63504K [0x0000000083a00000, 0x0000000100000000)
  region size 1024K, 55 young (56320K), 7 survivors (7168K)
 Metaspace       used 30976K, capacity 31431K, committed 31616K, reserved 1077248K
  class space    used 3704K, capacity 3901K, committed 3968K, reserved 1048576K
}
Event: 5.503 GC heap after
{Heap after GC invocations=4 (full 0):
 garbage-first heap   total 129024K, used 21504K [0x0000000083a00000, 0x0000000100000000)
  region size 1024K, 7 young (7168K), 7 survivors (7168K)
 Metaspace       used 30976K, capacity 31431K, committed 31616K, reserved 1077248K
  class space    used 3704K, capacity 3901K, committed 3968K, reserved 1048576K
}
Event: 6.319 GC heap before
{Heap before GC invocations=4 (full 0):
 garbage-first heap   total 129024K, used 40960K [0x0000000083a00000, 0x0000000100000000)
  region size 1024K, 27 young (27648K), 7 survivors (7168K)
 Metaspace       used 34988K, capacity 35443K, committed 35584K, reserved 1081344K
  class space    used 4365K, capacity 4576K, committed 4608K, reserved 1048576K
}
Event: 6.355 GC heap after
{Heap after GC invocations=5 (full 0):
 garbage-first heap   total 129024K, used 24354K [0x0000000083a00000, 0x0000000100000000)
  region size 1024K, 3 young (3072K), 3 survivors (3072K)
 Metaspace       used 34988K, capacity 35443K, committed 35584K, reserved 1081344K
  class space    used 4365K, capacity 4576K, committed 4608K, reserved 1048576K
}
Event: 8.434 GC heap before
{Heap before GC invocations=6 (full 0):
 garbage-first heap   total 129024K, used 71458K [0x0000000083a00000, 0x0000000100000000)
  region size 1024K, 49 young (50176K), 3 survivors (3072K)
 Metaspace       used 44934K, capacity 45529K, committed 45824K, reserved 1089536K
  class space    used 5365K, capacity 5583K, committed 5632K, reserved 1048576K
}
Event: 8.451 GC heap after
{Heap after GC invocations=7 (full 0):
 garbage-first heap   total 129024K, used 26483K [0x0000000083a00000, 0x0000000100000000)
  region size 1024K, 7 young (7168K), 7 survivors (7168K)
 Metaspace       used 44934K, capacity 45529K, committed 45824K, reserved 1089536K
  class space    used 5365K, capacity 5583K, committed 5632K, reserved 1048576K
}
Event: 10.416 GC heap before
{Heap before GC invocations=7 (full 0):
 garbage-first heap   total 129024K, used 79731K [0x0000000083a00000, 0x0000000100000000)
  region size 1024K, 56 young (57344K), 7 survivors (7168K)
 Metaspace       used 48299K, capacity 48928K, committed 49024K, reserved 1091584K
  class space    used 5712K, capacity 5949K, committed 6016K, reserved 1048576K
}
Event: 10.448 GC heap after
{Heap after GC invocations=8 (full 0):
 garbage-first heap   total 155648K, used 33186K [0x0000000083a00000, 0x0000000100000000)
  region size 1024K, 5 young (5120K), 5 survivors (5120K)
 Metaspace       used 48299K, capacity 48928K, committed 49024K, reserved 1091584K
  class space    used 5712K, capacity 5949K, committed 6016K, reserved 1048576K
}
Event: 14.275 GC heap before
{Heap before GC invocations=8 (full 0):
 garbage-first heap   total 155648K, used 89506K [0x0000000083a00000, 0x0000000100000000)
  region size 1024K, 60 young (61440K), 5 survivors (5120K)
 Metaspace       used 51685K, capacity 52333K, committed 52608K, reserved 1095680K
  class space    used 5920K, capacity 6158K, committed 6272K, reserved 1048576K
}
Event: 14.318 GC heap after
{Heap after GC invocations=9 (full 0):
 garbage-first heap   total 155648K, used 44032K [0x0000000083a00000, 0x0000000100000000)
  region size 1024K, 8 young (8192K), 8 survivors (8192K)
 Metaspace       used 51685K, capacity 52333K, committed 52608K, reserved 1095680K
  class space    used 5920K, capacity 6158K, committed 6272K, reserved 1048576K
}
Event: 18.089 GC heap before
{Heap before GC invocations=9 (full 0):
 garbage-first heap   total 155648K, used 100352K [0x0000000083a00000, 0x0000000100000000)
  region size 1024K, 63 young (64512K), 8 survivors (8192K)
 Metaspace       used 55957K, capacity 56633K, committed 56960K, reserved 1099776K
  class space    used 6393K, capacity 6674K, committed 6784K, reserved 1048576K
}
Event: 18.139 GC heap after
{Heap after GC invocations=10 (full 0):
 garbage-first heap   total 155648K, used 51164K [0x0000000083a00000, 0x0000000100000000)
  region size 1024K, 7 young (7168K), 7 survivors (7168K)
 Metaspace       used 55957K, capacity 56633K, committed 56960K, reserved 1099776K
  class space    used 6393K, capacity 6674K, committed 6784K, reserved 1048576K
}
Event: 20.155 GC heap before
{Heap before GC invocations=10 (full 0):
 garbage-first heap   total 155648K, used 77788K [0x0000000083a00000, 0x0000000100000000)
  region size 1024K, 33 young (33792K), 7 survivors (7168K)
 Metaspace       used 58894K, capacity 59642K, committed 59736K, reserved 1101824K
  class space    used 6675K, capacity 6994K, committed 7040K, reserved 1048576K
}
Event: 20.185 GC heap after
{Heap after GC invocations=11 (full 0):
 garbage-first heap   total 155648K, used 55233K [0x0000000083a00000, 0x0000000100000000)
  region size 1024K, 4 young (4096K), 4 survivors (4096K)
 Metaspace       used 58894K, capacity 59642K, committed 59736K, reserved 1101824K
  class space    used 6675K, capacity 6994K, committed 7040K, reserved 1048576K
}
Event: 26.371 GC heap before
{Heap before GC invocations=12 (full 0):
 garbage-first heap   total 155648K, used 111553K [0x0000000083a00000, 0x0000000100000000)
  region size 1024K, 59 young (60416K), 4 survivors (4096K)
 Metaspace       used 65399K, capacity 66293K, committed 66648K, reserved 1107968K
  class space    used 7352K, capacity 7685K, committed 7808K, reserved 1048576K
}
Event: 26.413 GC heap after
{Heap after GC invocations=13 (full 0):
 garbage-first heap   total 187392K, used 61440K [0x0000000083a00000, 0x0000000100000000)
  region size 1024K, 8 young (8192K), 8 survivors (8192K)
 Metaspace       used 65399K, capacity 66293K, committed 66648K, reserved 1107968K
  class space    used 7352K, capacity 7685K, committed 7808K, reserved 1048576K
}
Event: 36.247 GC heap before
{Heap before GC invocations=14 (full 0):
 garbage-first heap   total 187392K, used 128000K [0x0000000083a00000, 0x0000000100000000)
  region size 1024K, 73 young (74752K), 8 survivors (8192K)
 Metaspace       used 71931K, capacity 72853K, committed 73048K, reserved 1114112K
  class space    used 7972K, capacity 8320K, committed 8320K, reserved 1048576K
}
Event: 36.290 GC heap after
{Heap after GC invocations=15 (full 0):
 garbage-first heap   total 187392K, used 68180K [0x0000000083a00000, 0x0000000100000000)
  region size 1024K, 10 young (10240K), 10 survivors (10240K)
 Metaspace       used 71931K, capacity 72853K, committed 73048K, reserved 1114112K
  class space    used 7972K, capacity 8320K, committed 8320K, reserved 1048576K
}

Deoptimization events (20 events):
Event: 37.677 Thread 0x000001657c2bc800 Uncommon trap: trap_request=0xffffff4d fr.pc=0x000001650ba3851c relative=0x000000000000015c
Event: 37.678 Thread 0x000001657c2bc800 Uncommon trap: reason=unstable_if action=reinterpret pc=0x000001650ba3851c method=org.jetbrains.kotlin.resolve.InlineClassesUtilsKt.isInlineClass(Lorg/jetbrains/kotlin/descriptors/DeclarationDescriptor;)Z @ 34 c2
Event: 37.678 Thread 0x000001657c2bc800 DEOPT PACKING pc=0x000001650ba3851c sp=0x0000004799efe320
Event: 37.678 Thread 0x000001657c2bc800 DEOPT UNPACKING pc=0x0000016503a183af sp=0x0000004799efe2c0 mode 2
Event: 37.734 Thread 0x000001657c2bc800 Uncommon trap: trap_request=0xffffffc6 fr.pc=0x000001650ba91674 relative=0x0000000000000694
Event: 37.734 Thread 0x000001657c2bc800 Uncommon trap: reason=bimorphic_or_optimized_type_check action=maybe_recompile pc=0x000001650ba91674 method=org.jetbrains.kotlin.descriptors.impl.PackageFragmentDescriptorImpl.accept(Lorg/jetbrains/kotlin/descriptors/DeclarationDescriptorVisitor;Ljava/lan
Event: 37.734 Thread 0x000001657c2bc800 DEOPT PACKING pc=0x000001650ba91674 sp=0x0000004799efdba0
Event: 37.734 Thread 0x000001657c2bc800 DEOPT UNPACKING pc=0x0000016503a183af sp=0x0000004799efdb68 mode 2
Event: 37.755 Thread 0x000001657c2bc800 Uncommon trap: trap_request=0xffffff4d fr.pc=0x000001650b93edb4 relative=0x00000000000001f4
Event: 37.755 Thread 0x000001657c2bc800 Uncommon trap: reason=unstable_if action=reinterpret pc=0x000001650b93edb4 method=kotlin.text.StringsKt__StringsKt.substringAfter(Ljava/lang/String;Ljava/lang/String;Ljava/lang/String;)Ljava/lang/String; @ 36 c2
Event: 37.755 Thread 0x000001657c2bc800 DEOPT PACKING pc=0x000001650b93edb4 sp=0x0000004799efc970
Event: 37.755 Thread 0x000001657c2bc800 DEOPT UNPACKING pc=0x0000016503a183af sp=0x0000004799efc868 mode 2
Event: 37.756 Thread 0x000001657c2bc800 Uncommon trap: trap_request=0xffffff4d fr.pc=0x000001650b93fa2c relative=0x00000000000001ec
Event: 37.756 Thread 0x000001657c2bc800 Uncommon trap: reason=unstable_if action=reinterpret pc=0x000001650b93fa2c method=kotlin.text.StringsKt__StringsKt.substringAfter(Ljava/lang/String;Ljava/lang/String;Ljava/lang/String;)Ljava/lang/String; @ 36 c2
Event: 37.756 Thread 0x000001657c2bc800 DEOPT PACKING pc=0x000001650b93fa2c sp=0x0000004799efcbe0
Event: 37.756 Thread 0x000001657c2bc800 DEOPT UNPACKING pc=0x0000016503a183af sp=0x0000004799efcb70 mode 2
Event: 37.783 Thread 0x000001657c2bc800 Uncommon trap: trap_request=0xffffffc6 fr.pc=0x000001650ba91674 relative=0x0000000000000694
Event: 37.783 Thread 0x000001657c2bc800 Uncommon trap: reason=bimorphic_or_optimized_type_check action=maybe_recompile pc=0x000001650ba91674 method=org.jetbrains.kotlin.descriptors.impl.PackageFragmentDescriptorImpl.accept(Lorg/jetbrains/kotlin/descriptors/DeclarationDescriptorVisitor;Ljava/lan
Event: 37.783 Thread 0x000001657c2bc800 DEOPT PACKING pc=0x000001650ba91674 sp=0x0000004799efdba0
Event: 37.783 Thread 0x000001657c2bc800 DEOPT UNPACKING pc=0x0000016503a183af sp=0x0000004799efdb68 mode 2

Classes redefined (0 events):
No events

Internal exceptions (20 events):
Event: 16.085 Thread 0x000001657c2bc800 Implicit null exception at 0x000001650b580686 to 0x000001650b582c6c
Event: 16.085 Thread 0x000001657c2bc800 Implicit null exception at 0x000001650b5381de to 0x000001650b538932
Event: 17.333 Thread 0x000001657c2bc800 Exception <a 'java/lang/NoSuchMethodError'{0x0000000089fbc8f0}: 'java.lang.Object java.lang.invoke.DirectMethodHandle$Holder.invokeInterface(java.lang.Object, java.lang.Object, java.lang.Object)'> (0x0000000089fbc8f0) thrown at [./src/hotspot/share/interpreter/linkResolver.cpp, line 773]
Event: 17.333 Thread 0x000001657c2bc800 Exception <a 'java/lang/IncompatibleClassChangeError'{0x0000000089fbfb20}: Found class java.lang.Object, but interface was expected> (0x0000000089fbfb20) thrown at [./src/hotspot/share/interpreter/linkResolver.cpp, line 839]
Event: 17.782 Thread 0x000001657c2bc800 Implicit null exception at 0x000001650b78457c to 0x000001650b784edc
Event: 18.966 Thread 0x000001657c2bc800 Exception <a 'java/lang/NoSuchMethodError'{0x000000008c4d2660}: 'java.lang.Object java.lang.invoke.Invokers$Holder.linkToTargetMethod(java.lang.Object, java.lang.Object, java.lang.Object, java.lang.Object, java.lang.Object, java.lang.Object, java.lang.Object)'> (0x000000008c4d2660) thrown at [./src/hotspot/share/interpreter/linkResolver.cpp, line 773]
Event: 19.982 Thread 0x000001657c2bc800 Implicit null exception at 0x000001650b85bba0 to 0x000001650b85be7c
Event: 20.114 Thread 0x000001657c2bc800 Implicit null exception at 0x000001650b66659e to 0x000001650b666870
Event: 20.518 Thread 0x000001657c2bc800 Exception <a 'java/lang/NoSuchMethodError'{0x000000008cfd2358}: 'java.lang.Object java.lang.invoke.DirectMethodHandle$Holder.invokeSpecial(java.lang.Object, java.lang.Object, java.lang.Object, java.lang.Object, java.lang.Object, int)'> (0x000000008cfd2358) thrown at [./src/hotspot/share/interpreter/linkResolver.cpp, line 773]
Event: 20.519 Thread 0x000001657c2bc800 Exception <a 'java/lang/NoSuchMethodError'{0x000000008cfd66f0}: 'java.lang.Object java.lang.invoke.Invokers$Holder.linkToTargetMethod(java.lang.Object, java.lang.Object, java.lang.Object, int, java.lang.Object)'> (0x000000008cfd66f0) thrown at [./src/hotspot/share/interpreter/linkResolver.cpp, line 773]
Event: 20.777 Thread 0x000001657c2bc800 Exception <a 'java/lang/NoSuchMethodError'{0x000000008ccea040}: 'void java.lang.invoke.DirectMethodHandle$Holder.invokeInterface(java.lang.Object, java.lang.Object)'> (0x000000008ccea040) thrown at [./src/hotspot/share/interpreter/linkResolver.cpp, line 773]
Event: 21.662 Thread 0x000001657c2bc800 Exception <a 'java/lang/NoSuchMethodError'{0x000000008c368378}: 'int java.lang.invoke.DirectMethodHandle$Holder.invokeStaticInit(java.lang.Object, int)'> (0x000000008c368378) thrown at [./src/hotspot/share/interpreter/linkResolver.cpp, line 773]
Event: 22.293 Thread 0x000001657c2bc800 Implicit null exception at 0x000001650b534375 to 0x000001650b534524
Event: 22.317 Thread 0x000001657c2bc800 Implicit null exception at 0x000001650b51d62f to 0x000001650b51d69d
Event: 22.494 Thread 0x000001657c2bc800 Implicit null exception at 0x000001650b934afc to 0x000001650b93559c
Event: 22.530 Thread 0x000001657c2bc800 Implicit null exception at 0x000001650b4f9c77 to 0x000001650b4fa174
Event: 22.544 Thread 0x000001657c2bc800 Implicit null exception at 0x000001650b4fbe74 to 0x000001650b4fc388
Event: 27.392 Thread 0x000001657c2bc800 Exception <a 'java/lang/NoSuchMethodError'{0x000000008e676278}: 'java.lang.Object java.lang.invoke.DirectMethodHandle$Holder.invokeStaticInit(java.lang.Object, java.lang.Object, java.lang.Object, java.lang.Object)'> (0x000000008e676278) thrown at [./src/hotspot/share/interpreter/linkResolver.cpp, line 773]
Event: 28.373 Thread 0x000001657c2bc800 Exception <a 'java/lang/NoSuchMethodError'{0x000000008d90d378}: 'int java.lang.invoke.DirectMethodHandle$Holder.invokeStaticInit(java.lang.Object, java.lang.Object, java.lang.Object, java.lang.Object)'> (0x000000008d90d378) thrown at [./src/hotspot/share/interpreter/linkResolver.cpp, line 773]
Event: 29.613 Thread 0x000001657c2bc800 Implicit null exception at 0x000001650b543d74 to 0x000001650b543f74

Events (20 events):
Event: 37.892 loading class org/jetbrains/kotlin/ir/declarations/lazy/IrLazyEnumEntryImpl
Event: 37.892 loading class org/jetbrains/kotlin/ir/declarations/lazy/IrLazyEnumEntryImpl done
Event: 37.892 loading class org/jetbrains/kotlin/ir/declarations/IrEnumEntry
Event: 37.892 loading class org/jetbrains/kotlin/ir/declarations/IrEnumEntry done
Event: 37.925 loading class org/jetbrains/kotlin/ir/util/DeclarationStubGenerator$generateFieldStub$1
Event: 37.925 loading class org/jetbrains/kotlin/ir/util/DeclarationStubGenerator$generateFieldStub$1 done
Event: 37.927 loading class org/jetbrains/kotlin/ir/declarations/lazy/IrLazyField
Event: 37.927 loading class org/jetbrains/kotlin/ir/declarations/lazy/IrLazyField done
Event: 37.929 Executing VM operation: Deoptimize
Event: 37.933 Executing VM operation: Deoptimize done
Event: 37.937 loading class org/jetbrains/kotlin/ir/declarations/lazy/IrLazyField$annotations$2
Event: 37.937 loading class org/jetbrains/kotlin/ir/declarations/lazy/IrLazyField$annotations$2 done
Event: 37.939 loading class org/jetbrains/kotlin/ir/declarations/lazy/IrLazyField$type$2
Event: 37.939 loading class org/jetbrains/kotlin/ir/declarations/lazy/IrLazyField$type$2 done
Event: 37.943 loading class org/jetbrains/kotlin/ir/declarations/lazy/IrLazyField$initializer$2
Event: 37.943 loading class org/jetbrains/kotlin/ir/declarations/lazy/IrLazyField$initializer$2 done
Event: 37.946 loading class org/jetbrains/kotlin/ir/declarations/lazy/IrLazyField$correspondingPropertySymbol$2
Event: 37.946 loading class org/jetbrains/kotlin/ir/declarations/lazy/IrLazyField$correspondingPropertySymbol$2 done
Event: 37.954 loading class org/jetbrains/kotlin/ir/util/DeclarationStubGenerator$generateFunctionStub$1
Event: 37.954 loading class org/jetbrains/kotlin/ir/util/DeclarationStubGenerator$generateFunctionStub$1 done


Dynamic libraries:
0x00007ff67c540000 - 0x00007ff67c54a000 	C:\Program Files\Android\Android Studio\jre\bin\java.exe
0x00007ffff5a70000 - 0x00007ffff5c65000 	C:\WINDOWS\SYSTEM32\ntdll.dll
0x00007ffff57c0000 - 0x00007ffff587e000 	C:\WINDOWS\System32\KERNEL32.DLL
0x00007ffff3280000 - 0x00007ffff3548000 	C:\WINDOWS\System32\KERNELBASE.dll
0x00007ffff3180000 - 0x00007ffff3280000 	C:\WINDOWS\System32\ucrtbase.dll
0x00007fffeb320000 - 0x00007fffeb337000 	C:\Program Files\Android\Android Studio\jre\bin\VCRUNTIME140.dll
0x00007fffe8a70000 - 0x00007fffe8a89000 	C:\Program Files\Android\Android Studio\jre\bin\jli.dll
0x00007ffff4e70000 - 0x00007ffff5011000 	C:\WINDOWS\System32\USER32.dll
0x00007ffff39f0000 - 0x00007ffff3a12000 	C:\WINDOWS\System32\win32u.dll
0x00007ffff5160000 - 0x00007ffff518b000 	C:\WINDOWS\System32\GDI32.dll
0x00007fffdd5e0000 - 0x00007fffdd87a000 	C:\WINDOWS\WinSxS\amd64_microsoft.windows.common-controls_6595b64144ccf1df_6.0.19041.1110_none_60b5254171f9507e\COMCTL32.dll
0x00007ffff36d0000 - 0x00007ffff37dd000 	C:\WINDOWS\System32\gdi32full.dll
0x00007ffff4060000 - 0x00007ffff40fe000 	C:\WINDOWS\System32\msvcrt.dll
0x00007ffff3600000 - 0x00007ffff369d000 	C:\WINDOWS\System32\msvcp_win.dll
0x00007ffff5660000 - 0x00007ffff5690000 	C:\WINDOWS\System32\IMM32.DLL
0x00007fffe7ad0000 - 0x00007fffe7b6d000 	C:\Program Files\Android\Android Studio\jre\bin\msvcp140.dll
0x00007fff8bf30000 - 0x00007fff8c9ff000 	C:\Program Files\Android\Android Studio\jre\bin\server\jvm.dll
0x00007ffff5920000 - 0x00007ffff59ce000 	C:\WINDOWS\System32\ADVAPI32.dll
0x00007ffff5880000 - 0x00007ffff591c000 	C:\WINDOWS\System32\sechost.dll
0x00007ffff5030000 - 0x00007ffff5155000 	C:\WINDOWS\System32\RPCRT4.dll
0x00007ffff51f0000 - 0x00007ffff51f8000 	C:\WINDOWS\System32\PSAPI.DLL
0x00007fffe1a00000 - 0x00007fffe1a09000 	C:\WINDOWS\SYSTEM32\WSOCK32.dll
0x00007ffff0ff0000 - 0x00007ffff1017000 	C:\WINDOWS\SYSTEM32\WINMM.dll
0x00007ffff4920000 - 0x00007ffff498b000 	C:\WINDOWS\System32\WS2_32.dll
0x00007fffeae40000 - 0x00007fffeae4a000 	C:\WINDOWS\SYSTEM32\VERSION.dll
0x00007ffff1a00000 - 0x00007ffff1a12000 	C:\WINDOWS\SYSTEM32\kernel.appcore.dll
0x00007fffe1880000 - 0x00007fffe1891000 	C:\Program Files\Android\Android Studio\jre\bin\verify.dll
0x00007ffff0e00000 - 0x00007ffff0fe4000 	C:\WINDOWS\SYSTEM32\DBGHELP.DLL
0x00007ffff0dd0000 - 0x00007ffff0dfc000 	C:\WINDOWS\SYSTEM32\dbgcore.DLL
0x00007ffff3a20000 - 0x00007ffff3aa2000 	C:\WINDOWS\System32\bcryptPrimitives.dll
0x00007fffbd2b0000 - 0x00007fffbd2d9000 	C:\Program Files\Android\Android Studio\jre\bin\java.dll
0x00007fffe1870000 - 0x00007fffe187b000 	C:\Program Files\Android\Android Studio\jre\bin\jimage.dll
0x00007fffbd290000 - 0x00007fffbd2a8000 	C:\Program Files\Android\Android Studio\jre\bin\zip.dll
0x00007ffff4120000 - 0x00007ffff4864000 	C:\WINDOWS\System32\SHELL32.dll
0x00007ffff1250000 - 0x00007ffff19e5000 	C:\WINDOWS\SYSTEM32\windows.storage.dll
0x00007ffff5300000 - 0x00007ffff5655000 	C:\WINDOWS\System32\combase.dll
0x00007ffff2bd0000 - 0x00007ffff2bfe000 	C:\WINDOWS\SYSTEM32\Wldp.dll
0x00007ffff4870000 - 0x00007ffff491d000 	C:\WINDOWS\System32\SHCORE.dll
0x00007ffff59d0000 - 0x00007ffff5a25000 	C:\WINDOWS\System32\shlwapi.dll
0x00007ffff30c0000 - 0x00007ffff30df000 	C:\WINDOWS\SYSTEM32\profapi.dll
0x00007fffb54c0000 - 0x00007fffb54da000 	C:\Program Files\Android\Android Studio\jre\bin\net.dll
0x00007fffe0470000 - 0x00007fffe057c000 	C:\WINDOWS\SYSTEM32\WINHTTP.dll
0x00007ffff2930000 - 0x00007ffff299a000 	C:\WINDOWS\system32\mswsock.dll
0x00007fffb3100000 - 0x00007fffb3114000 	C:\Program Files\Android\Android Studio\jre\bin\nio.dll

dbghelp: loaded successfully - version: 4.0.5 - missing functions: none
symbol engine: initialized successfully - sym options: 0x614 - pdb path: .;C:\Program Files\Android\Android Studio\jre\bin;C:\WINDOWS\SYSTEM32;C:\WINDOWS\WinSxS\amd64_microsoft.windows.common-controls_6595b64144ccf1df_6.0.19041.1110_none_60b5254171f9507e;C:\Program Files\Android\Android Studio\jre\bin\server

VM Arguments:
java_command: org.jetbrains.kotlin.cli.jvm.K2JVMCompiler @C:\Users\Abhinay\Desktop\-Rubix-22-3-Team-7\app\build\20220120_12190770942225677579.compiler.options
java_class_path (initial): C:\Users\Abhinay\.gradle\caches\modules-2\files-2.1\org.jetbrains.kotlin\kotlin-compiler-embeddable\1.6.10\88f2073f4020cdb83132cfe940ceb9a60aba54ea\kotlin-compiler-embeddable-1.6.10.jar;C:\Users\Abhinay\.gradle\caches\modules-2\files-2.1\org.jetbrains.kotlin\kotlin-reflect\1.6.10\1cbe9c92c12a94eea200d23c2bbaedaf3daf5132\kotlin-reflect-1.6.10.jar;C:\Users\Abhinay\.gradle\caches\modules-2\files-2.1\org.jetbrains.kotlin\kotlin-stdlib\1.6.10\b8af3fe6f1ca88526914929add63cf5e7c5049af\kotlin-stdlib-1.6.10.jar;C:\Users\Abhinay\.gradle\caches\modules-2\files-2.1\org.jetbrains.kotlin\kotlin-script-runtime\1.6.10\d0a7ff2e2500ef497ed0214ae40ad3c8387a6164\kotlin-script-runtime-1.6.10.jar;C:\Users\Abhinay\.gradle\caches\modules-2\files-2.1\org.jetbrains.kotlin\kotlin-daemon-embeddable\1.6.10\a56d79bcbea411fa6058e4ecffc2de73e742bd2a\kotlin-daemon-embeddable-1.6.10.jar;C:\Users\Abhinay\.gradle\caches\modules-2\files-2.1\org.jetbrains.intellij.deps\trove4j\1.0.20181211\216c2e14b070f334479d800987affe4054cd563f\trove4j-1.0.20181211.jar;C:\Users\Abhinay\.gradle\caches\modules-2\files-2.1\net.java.dev.jna\jna\5.6.0\330f2244e9030119ab3030fc3fededc86713d9cc\jna-5.6.0.jar;C:\Users\Abhinay\.gradle\caches\modules-2\files-2.1\org.jetbrains\annotations\13.0\919f0dfe192fb4e063e7dacadee7f8bb9a2672a9\annotations-13.0.jar;C:\Users\Abhinay\.gradle\caches\modules-2\files-2.1\org.jetbrains.kotlin\kotlin-stdlib-common\1.6.10\c118700e3a33c8a0d9adc920e9dec0831171925\kotlin-stdlib-common-1.6.10.jar
Launcher Type: SUN_STANDARD

[Global flags]
     intx CICompilerCount                          = 4                                         {product} {ergonomic}
     uint ConcGCThreads                            = 2                                         {product} {ergonomic}
     uint G1ConcRefinementThreads                  = 8                                         {product} {ergonomic}
   size_t G1HeapRegionSize                         = 1048576                                   {product} {ergonomic}
    uintx GCDrainStackTargetSize                   = 64                                        {product} {ergonomic}
   size_t InitialHeapSize                          = 132120576                                 {product} {ergonomic}
   size_t MarkStackSize                            = 4194304                                   {product} {ergonomic}
   size_t MaxHeapSize                              = 2086666240                                {product} {ergonomic}
   size_t MaxNewSize                               = 1251999744                                {product} {ergonomic}
   size_t MinHeapDeltaBytes                        = 1048576                                   {product} {ergonomic}
    uintx NonNMethodCodeHeapSize                   = 5836300                                {pd product} {ergonomic}
    uintx NonProfiledCodeHeapSize                  = 122910970                              {pd product} {ergonomic}
    uintx ProfiledCodeHeapSize                     = 122910970                              {pd product} {ergonomic}
    uintx ReservedCodeCacheSize                    = 251658240                              {pd product} {ergonomic}
     bool SegmentedCodeCache                       = true                                      {product} {ergonomic}
     bool UseCompressedClassPointers               = true                                 {lp64_product} {ergonomic}
     bool UseCompressedOops                        = true                                 {lp64_product} {ergonomic}
     bool UseG1GC                                  = true                                      {product} {ergonomic}
     bool UseLargePagesIndividualAllocation        = false                                  {pd product} {ergonomic}

Logging:
Log output configuration:
 #0: stdout all=warning uptime,level,tags
 #1: stderr all=off uptime,level,tags

Environment Variables:
JAVA_HOME=C:\Program Files\Java\jdk-15.0.2
PATH=C:\Program Files\Common Files\Oracle\Java\javapath;C:\Windows\system32;C:\Windows;C:\Windows\System32\Wbem;C:\Windows\System32\WindowsPowerShell\v1.0\;C:\Windows\System32\OpenSSH\;C:\Program Files\NVIDIA Corporation\NVIDIA NvDLISR;C:\Windows\IsmFiles;C:\Program Files\Java\jdk-15.0.2\bin;C:\Users\Abhinay\anaconda3;C:\WINDOWS\system32;C:\WINDOWS;C:\WINDOWS\System32\Wbem;C:\WINDOWS\System32\WindowsPowerShell\v1.0\;C:\WINDOWS\System32\OpenSSH\;C:\Program Files\dotnet\;C:\Program Files\Git\cmd;C:\msys64\mingw64\bin;C:\Users\Abhinay\AppData\Local\Programs\Microsoft VS Code\bin;C:\Users\Abhinay\AppData\Local\Programs\Python\Python39\Scripts\;C:\Users\Abhinay\AppData\Local\Programs\Python\Python39\;C:\Users\Abhinay\AppData\Local\Microsoft\WindowsApps;C:\Program Files\JetBrains\PyCharm Community Edition 2021.1.1\bin;;C:\Program Files\JetBrains\IntelliJ IDEA Community Edition 2021.2\bin;;C:\Users\Abhinay\AppData\Local\Programs\Microsoft VS Code\bin;C:\msys64\mingw64\bin;C:\Users\Abhinay\AppData\Local\GitHubDesktop\bin;C:\c++ compiler\mingw32\bin;
USERNAME=Abhinay
OS=Windows_NT
PROCESSOR_IDENTIFIER=Intel64 Family 6 Model 126 Stepping 5, GenuineIntel



---------------  S Y S T E M  ---------------

OS: Windows 10 , 64 bit Build 19041 (10.0.19041.1466)
OS uptime: 0 days 16:17 hours

CPU:total 8 (initial active 8) (4 cores per cpu, 2 threads per core) family 6 model 126 stepping 5 microcode 0xa6, cmov, cx8, fxsr, mmx, sse, sse2, sse3, ssse3, sse4.1, sse4.2, popcnt, avx, avx2, aes, clmul, erms, 3dnowpref, lzcnt, ht, tsc, tscinvbit, bmi1, bmi2, adx, evex, sha, fma

Memory: 4k page, system-wide physical 7959M (451M free)
TotalPageFile size 13959M (AvailPageFile size 4M)
current process WorkingSet (physical memory assigned to process): 370M, peak: 385M
current process commit charge ("private bytes"): 417M, peak: 435M

vm_info: OpenJDK 64-Bit Server VM (11.0.10+0-b96-7249189) for windows-amd64 JRE (11.0.10+0-b96-7249189), built on Mar 31 2021 21:44:00 by "builder" with MS VC++ 14.0 (VS2015)

END.
